<?xml version="1.0" encoding="UTF-8"?>
<!-- Generated by org.testng.reporters.JUnitReportReporter -->
<testsuite hostname="kavbalas" failures="0" tests="3" name="com.training.regression.tests.RETC061test" time="108.641" errors="0" timestamp="01 Apr 2019 14:40:47 GMT" skipped="0">
  <testcase classname="com.training.regression.tests.RETC061test" name="validateUserRegistration" time="33.108"/>
  <testcase classname="com.training.regression.tests.RETC061test" name="validateUserRegistration" time="40.998"/>
  <testcase classname="com.training.regression.tests.RETC061test" name="validateUserRegistration" time="34.535"/>
</testsuite> <!-- com.training.regression.tests.RETC061test -->
